{"total": {"lines":{"total":507,"covered":403,"skipped":0,"pct":79.48},"statements":{"total":564,"covered":447,"skipped":0,"pct":79.25},"functions":{"total":105,"covered":82,"skipped":0,"pct":78.09},"branches":{"total":122,"covered":68,"skipped":0,"pct":55.73},"branchesTrue":{"total":0,"covered":0,"skipped":0,"pct":100}}
,"/Users/ilya/CODE/deposit.mayday.software/extension/src/deposit/hashing.service.ts": {"lines":{"total":18,"covered":18,"skipped":0,"pct":100},"functions":{"total":5,"covered":5,"skipped":0,"pct":100},"statements":{"total":20,"covered":20,"skipped":0,"pct":100},"branches":{"total":3,"covered":3,"skipped":0,"pct":100}}
,"/Users/ilya/CODE/deposit.mayday.software/extension/src/deposit/manifest.service.ts": {"lines":{"total":36,"covered":36,"skipped":0,"pct":100},"functions":{"total":3,"covered":3,"skipped":0,"pct":100},"statements":{"total":37,"covered":37,"skipped":0,"pct":100},"branches":{"total":4,"covered":3,"skipped":0,"pct":75}}
,"/Users/ilya/CODE/deposit.mayday.software/extension/src/deposit/anchors/anchor-orchestrator.service.ts": {"lines":{"total":29,"covered":22,"skipped":0,"pct":75.86},"functions":{"total":6,"covered":6,"skipped":0,"pct":100},"statements":{"total":32,"covered":25,"skipped":0,"pct":78.12},"branches":{"total":6,"covered":1,"skipped":0,"pct":16.66}}
,"/Users/ilya/CODE/deposit.mayday.software/extension/src/deposit/anchors/ethereum.anchor.ts": {"lines":{"total":17,"covered":13,"skipped":0,"pct":76.47},"functions":{"total":3,"covered":2,"skipped":0,"pct":66.66},"statements":{"total":18,"covered":13,"skipped":0,"pct":72.22},"branches":{"total":4,"covered":2,"skipped":0,"pct":50}}
,"/Users/ilya/CODE/deposit.mayday.software/extension/src/deposit/anchors/opentimestamps.anchor.ts": {"lines":{"total":32,"covered":15,"skipped":0,"pct":46.87},"functions":{"total":4,"covered":2,"skipped":0,"pct":50},"statements":{"total":33,"covered":15,"skipped":0,"pct":45.45},"branches":{"total":5,"covered":2,"skipped":0,"pct":40}}
,"/Users/ilya/CODE/deposit.mayday.software/extension/src/deposit/anchors/rfc3161.anchor.ts": {"lines":{"total":56,"covered":20,"skipped":0,"pct":35.71},"functions":{"total":7,"covered":3,"skipped":0,"pct":42.85},"statements":{"total":59,"covered":20,"skipped":0,"pct":33.89},"branches":{"total":19,"covered":2,"skipped":0,"pct":10.52}}
,"/Users/ilya/CODE/deposit.mayday.software/extension/src/deposit/anchors/worker-config.ts": {"lines":{"total":2,"covered":2,"skipped":0,"pct":100},"functions":{"total":0,"covered":0,"skipped":0,"pct":100},"statements":{"total":2,"covered":2,"skipped":0,"pct":100},"branches":{"total":3,"covered":3,"skipped":0,"pct":100}}
,"/Users/ilya/CODE/deposit.mayday.software/extension/src/popup/popup.component.ts": {"lines":{"total":2,"covered":2,"skipped":0,"pct":100},"functions":{"total":0,"covered":0,"skipped":0,"pct":100},"statements":{"total":3,"covered":3,"skipped":0,"pct":100},"branches":{"total":0,"covered":0,"skipped":0,"pct":100}}
,"/Users/ilya/CODE/deposit.mayday.software/extension/src/shared/components/anchor-status.component.ts": {"lines":{"total":12,"covered":11,"skipped":0,"pct":91.66},"functions":{"total":2,"covered":2,"skipped":0,"pct":100},"statements":{"total":12,"covered":11,"skipped":0,"pct":91.66},"branches":{"total":8,"covered":7,"skipped":0,"pct":87.5}}
,"/Users/ilya/CODE/deposit.mayday.software/extension/src/shared/services/browser-api.service.ts": {"lines":{"total":30,"covered":29,"skipped":0,"pct":96.66},"functions":{"total":17,"covered":13,"skipped":0,"pct":76.47},"statements":{"total":32,"covered":31,"skipped":0,"pct":96.87},"branches":{"total":5,"covered":4,"skipped":0,"pct":80}}
,"/Users/ilya/CODE/deposit.mayday.software/extension/src/shared/services/capture.service.ts": {"lines":{"total":15,"covered":15,"skipped":0,"pct":100},"functions":{"total":2,"covered":2,"skipped":0,"pct":100},"statements":{"total":19,"covered":19,"skipped":0,"pct":100},"branches":{"total":10,"covered":7,"skipped":0,"pct":70}}
,"/Users/ilya/CODE/deposit.mayday.software/extension/src/shared/services/extension-storage.service.ts": {"lines":{"total":36,"covered":33,"skipped":0,"pct":91.66},"functions":{"total":11,"covered":10,"skipped":0,"pct":90.9},"statements":{"total":41,"covered":38,"skipped":0,"pct":92.68},"branches":{"total":16,"covered":12,"skipped":0,"pct":75}}
,"/Users/ilya/CODE/deposit.mayday.software/extension/src/tabs/capture/capture-tab.component.ts": {"lines":{"total":58,"covered":45,"skipped":0,"pct":77.58},"functions":{"total":8,"covered":4,"skipped":0,"pct":50},"statements":{"total":61,"covered":47,"skipped":0,"pct":77.04},"branches":{"total":7,"covered":3,"skipped":0,"pct":42.85}}
,"/Users/ilya/CODE/deposit.mayday.software/extension/src/tabs/dashboard/dashboard-tab.component.ts": {"lines":{"total":9,"covered":8,"skipped":0,"pct":88.88},"functions":{"total":4,"covered":4,"skipped":0,"pct":100},"statements":{"total":13,"covered":12,"skipped":0,"pct":92.3},"branches":{"total":2,"covered":2,"skipped":0,"pct":100}}
,"/Users/ilya/CODE/deposit.mayday.software/extension/src/tabs/deposit/deposit-tab.component.ts": {"lines":{"total":66,"covered":54,"skipped":0,"pct":81.81},"functions":{"total":13,"covered":9,"skipped":0,"pct":69.23},"statements":{"total":78,"covered":63,"skipped":0,"pct":80.76},"branches":{"total":16,"covered":7,"skipped":0,"pct":43.75}}
,"/Users/ilya/CODE/deposit.mayday.software/extension/src/ui/ui-badge.ts": {"lines":{"total":3,"covered":3,"skipped":0,"pct":100},"functions":{"total":0,"covered":0,"skipped":0,"pct":100},"statements":{"total":3,"covered":3,"skipped":0,"pct":100},"branches":{"total":0,"covered":0,"skipped":0,"pct":100}}
,"/Users/ilya/CODE/deposit.mayday.software/extension/src/ui/ui-button.ts": {"lines":{"total":6,"covered":6,"skipped":0,"pct":100},"functions":{"total":1,"covered":1,"skipped":0,"pct":100},"statements":{"total":7,"covered":7,"skipped":0,"pct":100},"branches":{"total":0,"covered":0,"skipped":0,"pct":100}}
,"/Users/ilya/CODE/deposit.mayday.software/extension/src/ui/ui-card.ts": {"lines":{"total":7,"covered":7,"skipped":0,"pct":100},"functions":{"total":0,"covered":0,"skipped":0,"pct":100},"statements":{"total":7,"covered":7,"skipped":0,"pct":100},"branches":{"total":0,"covered":0,"skipped":0,"pct":100}}
,"/Users/ilya/CODE/deposit.mayday.software/extension/src/ui/ui-drop-zone.ts": {"lines":{"total":44,"covered":36,"skipped":0,"pct":81.81},"functions":{"total":10,"covered":9,"skipped":0,"pct":90},"statements":{"total":57,"covered":45,"skipped":0,"pct":78.94},"branches":{"total":12,"covered":8,"skipped":0,"pct":66.66}}
,"/Users/ilya/CODE/deposit.mayday.software/extension/src/ui/ui-input.ts": {"lines":{"total":23,"covered":22,"skipped":0,"pct":95.65},"functions":{"total":8,"covered":6,"skipped":0,"pct":75},"statements":{"total":23,"covered":22,"skipped":0,"pct":95.65},"branches":{"total":2,"covered":2,"skipped":0,"pct":100}}
,"/Users/ilya/CODE/deposit.mayday.software/extension/src/ui/ui-progress.ts": {"lines":{"total":4,"covered":4,"skipped":0,"pct":100},"functions":{"total":1,"covered":1,"skipped":0,"pct":100},"statements":{"total":5,"covered":5,"skipped":0,"pct":100},"branches":{"total":0,"covered":0,"skipped":0,"pct":100}}
,"/Users/ilya/CODE/deposit.mayday.software/extension/src/ui/ui-status-dot.ts": {"lines":{"total":2,"covered":2,"skipped":0,"pct":100},"functions":{"total":0,"covered":0,"skipped":0,"pct":100},"statements":{"total":2,"covered":2,"skipped":0,"pct":100},"branches":{"total":0,"covered":0,"skipped":0,"pct":100}}
}
